  [1m[36m (2.8ms)[0m  [1mCREATE TABLE "schema_migrations" ("version" varchar(255) NOT NULL) [0m
  [1m[35m (1.1ms)[0m  CREATE UNIQUE INDEX "unique_schema_migrations" ON "schema_migrations" ("version")
  [1m[36mActiveRecord::SchemaMigration Load (0.1ms)[0m  [1mSELECT "schema_migrations".* FROM "schema_migrations"[0m
Migrating to CreateLunches (20130710050911)
  [1m[35m (0.1ms)[0m  begin transaction
  [1m[36m (0.4ms)[0m  [1mCREATE TABLE "lunches" ("id" INTEGER PRIMARY KEY AUTOINCREMENT NOT NULL, "food" varchar(255), "calories" float, "cost" float, "created_at" datetime, "updated_at" datetime) [0m
  [1m[35mSQL (0.2ms)[0m  INSERT INTO "schema_migrations" ("version") VALUES (?)  [["version", "20130710050911"]]
  [1m[36m (1.0ms)[0m  [1mcommit transaction[0m
  [1m[35mActiveRecord::SchemaMigration Load (0.2ms)[0m  SELECT "schema_migrations".* FROM "schema_migrations"


Started GET "/lunches/new" for 127.0.0.1 at 2013-07-09 22:14:23 -0700
  [1m[36mActiveRecord::SchemaMigration Load (0.1ms)[0m  [1mSELECT "schema_migrations".* FROM "schema_migrations"[0m
Processing by LunchesController#new as HTML
Completed 500 Internal Server Error in 21ms

RuntimeError (`attr_accessible` is extracted out of Rails into a gem. Please use new recommended protection model for params(strong_parameters) or add `protected_attributes` to your Gemfile to use old one.):
  app/models/lunch.rb:4:in `<class:Lunch>'
  app/models/lunch.rb:1:in `<top (required)>'
  app/controllers/lunches_controller.rb:17:in `new'


  Rendered /Users/Colette/.rvm/gems/ruby-2.0.0-p247/gems/actionpack-4.0.0/lib/action_dispatch/middleware/templates/rescues/_source.erb (0.7ms)
  Rendered /Users/Colette/.rvm/gems/ruby-2.0.0-p247/gems/actionpack-4.0.0/lib/action_dispatch/middleware/templates/rescues/_trace.erb (1.0ms)
  Rendered /Users/Colette/.rvm/gems/ruby-2.0.0-p247/gems/actionpack-4.0.0/lib/action_dispatch/middleware/templates/rescues/_request_and_response.erb (1.5ms)
  Rendered /Users/Colette/.rvm/gems/ruby-2.0.0-p247/gems/actionpack-4.0.0/lib/action_dispatch/middleware/templates/rescues/diagnostics.erb within rescues/layout (20.7ms)


Started GET "/lunches/new" for 127.0.0.1 at 2013-07-09 22:18:42 -0700
Processing by LunchesController#new as HTML
Completed 500 Internal Server Error in 2ms

RuntimeError (`attr_accessible` is extracted out of Rails into a gem. Please use new recommended protection model for params(strong_parameters) or add `protected_attributes` to your Gemfile to use old one.):
  app/models/lunch.rb:5:in `<class:Lunch>'
  app/models/lunch.rb:1:in `<top (required)>'
  app/controllers/lunches_controller.rb:17:in `new'


  Rendered /Users/Colette/.rvm/gems/ruby-2.0.0-p247/gems/actionpack-4.0.0/lib/action_dispatch/middleware/templates/rescues/_source.erb (0.7ms)
  Rendered /Users/Colette/.rvm/gems/ruby-2.0.0-p247/gems/actionpack-4.0.0/lib/action_dispatch/middleware/templates/rescues/_trace.erb (1.2ms)
  Rendered /Users/Colette/.rvm/gems/ruby-2.0.0-p247/gems/actionpack-4.0.0/lib/action_dispatch/middleware/templates/rescues/_request_and_response.erb (1.0ms)
  Rendered /Users/Colette/.rvm/gems/ruby-2.0.0-p247/gems/actionpack-4.0.0/lib/action_dispatch/middleware/templates/rescues/diagnostics.erb within rescues/layout (15.6ms)


Started GET "/lunches/new" for 127.0.0.1 at 2013-07-09 22:19:10 -0700
Processing by LunchesController#new as HTML
Completed 500 Internal Server Error in 3ms

RuntimeError (`attr_accessible` is extracted out of Rails into a gem. Please use new recommended protection model for params(strong_parameters) or add `protected_attributes` to your Gemfile to use old one.):
  app/models/lunch.rb:5:in `<class:Lunch>'
  app/models/lunch.rb:1:in `<top (required)>'
  app/controllers/lunches_controller.rb:17:in `new'


  Rendered /Users/Colette/.rvm/gems/ruby-2.0.0-p247/gems/actionpack-4.0.0/lib/action_dispatch/middleware/templates/rescues/_source.erb (0.6ms)
  Rendered /Users/Colette/.rvm/gems/ruby-2.0.0-p247/gems/actionpack-4.0.0/lib/action_dispatch/middleware/templates/rescues/_trace.erb (1.9ms)
  Rendered /Users/Colette/.rvm/gems/ruby-2.0.0-p247/gems/actionpack-4.0.0/lib/action_dispatch/middleware/templates/rescues/_request_and_response.erb (0.9ms)
  Rendered /Users/Colette/.rvm/gems/ruby-2.0.0-p247/gems/actionpack-4.0.0/lib/action_dispatch/middleware/templates/rescues/diagnostics.erb within rescues/layout (17.8ms)


Started GET "/lunches/new" for 127.0.0.1 at 2013-07-09 22:19:24 -0700
Processing by LunchesController#new as HTML
  Rendered lunches/_form.html.erb (46.9ms)
  Rendered lunches/new.html.erb within layouts/application (49.9ms)
Completed 200 OK in 706ms (Views: 702.9ms | ActiveRecord: 0.5ms)


Started GET "/assets/application.css?body=1" for 127.0.0.1 at 2013-07-09 22:19:24 -0700


Started GET "/assets/lunches.css?body=1" for 127.0.0.1 at 2013-07-09 22:19:24 -0700


Started GET "/assets/scaffolds.css?body=1" for 127.0.0.1 at 2013-07-09 22:19:24 -0700


Started GET "/assets/jquery_ujs.js?body=1" for 127.0.0.1 at 2013-07-09 22:19:24 -0700


Started GET "/assets/jquery.js?body=1" for 127.0.0.1 at 2013-07-09 22:19:24 -0700


Started GET "/assets/lunches.js?body=1" for 127.0.0.1 at 2013-07-09 22:19:25 -0700


Started GET "/assets/turbolinks.js?body=1" for 127.0.0.1 at 2013-07-09 22:19:25 -0700


Started GET "/assets/application.js?body=1" for 127.0.0.1 at 2013-07-09 22:19:25 -0700


Started POST "/lunches" for 127.0.0.1 at 2013-07-09 22:19:39 -0700
Processing by LunchesController#create as HTML
  Parameters: {"utf8"=>"✓", "authenticity_token"=>"6CnS/d2m/ppc0eFAS/a2wHDAtxI/hoC3PjfC8W6tiLE=", "lunch"=>{"food"=>"deez nutz", "calories"=>"3000", "cost"=>"22"}, "commit"=>"Create Lunch"}
  [1m[35m (0.3ms)[0m  begin transaction
  [1m[36mSQL (3.6ms)[0m  [1mINSERT INTO "lunches" ("calories", "cost", "created_at", "food", "updated_at") VALUES (?, ?, ?, ?, ?)[0m  [["calories", 3000.0], ["cost", 22.0], ["created_at", Wed, 10 Jul 2013 05:19:39 UTC +00:00], ["food", "deez nutz"], ["updated_at", Wed, 10 Jul 2013 05:19:39 UTC +00:00]]
  [1m[35m (0.8ms)[0m  commit transaction
Redirected to http://localhost:3000/lunches/1
Completed 302 Found in 11ms (ActiveRecord: 4.7ms)


Started GET "/lunches/1" for 127.0.0.1 at 2013-07-09 22:19:39 -0700
Processing by LunchesController#show as HTML
  Parameters: {"id"=>"1"}
  [1m[36mLunch Load (0.2ms)[0m  [1mSELECT "lunches".* FROM "lunches" WHERE "lunches"."id" = ? LIMIT 1[0m  [["id", "1"]]
  Rendered lunches/show.html.erb within layouts/application (1.1ms)
Completed 200 OK in 10ms (Views: 5.9ms | ActiveRecord: 0.2ms)


Started GET "/assets/application.css?body=1" for 127.0.0.1 at 2013-07-09 22:19:39 -0700


Started GET "/assets/scaffolds.css?body=1" for 127.0.0.1 at 2013-07-09 22:19:39 -0700


Started GET "/assets/turbolinks.js?body=1" for 127.0.0.1 at 2013-07-09 22:19:39 -0700


Started GET "/assets/jquery.js?body=1" for 127.0.0.1 at 2013-07-09 22:19:39 -0700


Started GET "/assets/lunches.css?body=1" for 127.0.0.1 at 2013-07-09 22:19:39 -0700


Started GET "/assets/jquery_ujs.js?body=1" for 127.0.0.1 at 2013-07-09 22:19:39 -0700


Started GET "/assets/lunches.js?body=1" for 127.0.0.1 at 2013-07-09 22:19:39 -0700


Started GET "/assets/application.js?body=1" for 127.0.0.1 at 2013-07-09 22:19:39 -0700
